<?xml version="1.0" encoding="UTF-8"?>
<!-- Generated by org.testng.reporters.JUnitReportReporter -->
<testsuite skipped="0" hostname="DESKTOP-9DP17D5" name="com.bit.ui.test.SmokeTest" tests="1" failures="0" timestamp="01 Sep 2019 20:59:13 GMT" time="0.000" errors="0">
  <testcase name="test1" time="0.000" classname="com.bit.ui.test.SmokeTest"/>
</testsuite> <!-- com.bit.ui.test.SmokeTest -->
