<?xml version="1.0" encoding="UTF-8"?>
<!-- Generated by org.testng.reporters.JUnitReportReporter -->
<testsuite skipped="0" hostname="DESKTOP-9DP17D5" name="com.bit.ui.test.RegressionTest" tests="1" failures="0" timestamp="01 Sep 2019 16:22:55 GMT" time="0.003" errors="0">
  <testcase name="test2" time="0.003" classname="com.bit.ui.test.RegressionTest"/>
</testsuite> <!-- com.bit.ui.test.RegressionTest -->
